<?xml version="1.0" encoding="UTF-8"?>
<testng-results ignored="0" total="1" passed="1" failed="0" skipped="0">
  <reporter-output>
  </reporter-output>
  <suite started-at="2022-10-06T14:37:08 IST" name="Suite" finished-at="2022-10-06T14:37:21 IST" duration-ms="12577">
    <groups>
    </groups>
    <test started-at="2022-10-06T14:37:08 IST" name="Test" finished-at="2022-10-06T14:37:21 IST" duration-ms="12577">
      <class name="test.NewTest">
        <test-method is-config="true" signature="beforeTest()[pri:0, instance:test.NewTest@18271936]" started-at="2022-10-06T14:37:08 IST" name="beforeTest" finished-at="2022-10-06T14:37:19 IST" duration-ms="10549" status="PASS">
          <reporter-output>
          </reporter-output>
        </test-method> <!-- beforeTest -->
        <test-method signature="f()[pri:0, instance:test.NewTest@18271936]" started-at="2022-10-06T14:37:19 IST" name="f" finished-at="2022-10-06T14:37:20 IST" duration-ms="1190" status="PASS">
          <reporter-output>
          </reporter-output>
        </test-method> <!-- f -->
        <test-method is-config="true" signature="afterTest()[pri:0, instance:test.NewTest@18271936]" started-at="2022-10-06T14:37:20 IST" name="afterTest" finished-at="2022-10-06T14:37:21 IST" duration-ms="708" status="PASS">
          <reporter-output>
          </reporter-output>
        </test-method> <!-- afterTest -->
      </class> <!-- test.NewTest -->
    </test> <!-- Test -->
  </suite> <!-- Suite -->
</testng-results>
